[dotenv@17.3.1] injecting env (2) from .env.local -- tip: 🛠️  run anywhere with `dotenvx run -- yourcommand`
Signing in as: omaresreb@gmail.com
Signed in successfully.
Fetching members for org: 4f5a3104-f5ea-44e5-88be-0ebe205b0a37
Updating member to org: 4f5a3104-f5ea-44e5-88be-0ebe205b0a37
Seeding data for member: John Doe ( 94bfc155-f307-4006-9a55-12ccd9815fdc )
Heatmap error: {
  code: '42501',
  details: null,
  hint: null,
  message: 'new row violates row-level security policy for table "heatmap_data"'
}
Tracks error: {
  code: '42501',
  details: null,
  hint: null,
  message: 'new row violates row-level security policy for table "person_tracks"'
}
Alert error: {
  code: '42501',
  details: null,
  hint: null,
  message: 'new row violates row-level security policy for table "behavioral_alerts"'
}
